{
  "contracts/FloatifyAccount.sol": {
    "l": {
      "126": 1,
      "127": 1,
      "134": 2,
      "141": 28,
      "142": 20,
      "149": 28,
      "160": 0,
      "161": 0,
      "169": 1,
      "176": 1,
      "177": 1,
      "178": 1,
      "226": 1,
      "227": 1,
      "228": 1,
      "229": 1,
      "231": 1,
      "232": 1,
      "242": 7,
      "243": 7,
      "244": 7,
      "266": 6,
      "267": 6,
      "268": 6,
      "279": 3,
      "281": 3,
      "282": 3,
      "284": 3,
      "296": 3,
      "297": 2,
      "299": 2
    },
    "path": "/Users/mds/Documents/Documents-MBP/projects/floatify-contracts/contracts/FloatifyAccount.sol",
    "s": {
      "1": 1,
      "2": 1,
      "3": 2,
      "4": 28,
      "5": 28,
      "6": 0,
      "7": 0,
      "8": 1,
      "9": 1,
      "10": 1,
      "11": 1,
      "12": 1,
      "13": 1,
      "14": 1,
      "15": 1,
      "16": 1,
      "17": 1,
      "18": 7,
      "19": 7,
      "20": 7,
      "21": 6,
      "22": 6,
      "23": 6,
      "24": 3,
      "25": 3,
      "26": 3,
      "27": 3,
      "28": 3,
      "29": 2,
      "30": 2
    },
    "b": {
      "1": [20, 8],
      "2": [1, 0],
      "3": [1, 0],
      "4": [7, 0],
      "5": [6, 0],
      "6": [3, 0],
      "7": [2, 1]
    },
    "f": {
      "1": 1,
      "2": 2,
      "3": 28,
      "4": 28,
      "5": 0,
      "6": 1,
      "7": 1,
      "8": 1,
      "9": 7,
      "10": 6,
      "11": 3,
      "12": 3
    },
    "fnMap": {
      "1": {
        "name": "constructor",
        "line": 125,
        "loc": {
          "start": { "line": 125, "column": 4 },
          "end": { "line": 125, "column": 24 }
        }
      },
      "2": {
        "name": "owner",
        "line": 133,
        "loc": {
          "start": { "line": 133, "column": 4 },
          "end": { "line": 133, "column": 48 }
        }
      },
      "3": {
        "name": "onlyOwner",
        "line": 140,
        "loc": {
          "start": { "line": 140, "column": 4 },
          "end": { "line": 140, "column": 22 }
        }
      },
      "4": {
        "name": "isOwner",
        "line": 148,
        "loc": {
          "start": { "line": 148, "column": 4 },
          "end": { "line": 148, "column": 47 }
        }
      },
      "5": {
        "name": "renounceOwnership",
        "line": 159,
        "loc": {
          "start": { "line": 159, "column": 4 },
          "end": { "line": 159, "column": 47 }
        }
      },
      "6": {
        "name": "transferOwnership",
        "line": 168,
        "loc": {
          "start": { "line": 168, "column": 4 },
          "end": { "line": 168, "column": 63 }
        }
      },
      "7": {
        "name": "_transferOwnership",
        "line": 175,
        "loc": {
          "start": { "line": 175, "column": 4 },
          "end": { "line": 175, "column": 56 }
        }
      },
      "8": {
        "name": "constructor",
        "line": 224,
        "loc": {
          "start": { "line": 224, "column": 2 },
          "end": { "line": 224, "column": 22 }
        }
      },
      "9": {
        "name": "deposit",
        "line": 240,
        "loc": {
          "start": { "line": 240, "column": 2 },
          "end": { "line": 240, "column": 39 }
        }
      },
      "10": {
        "name": "withdraw",
        "line": 265,
        "loc": {
          "start": { "line": 265, "column": 2 },
          "end": { "line": 265, "column": 64 }
        }
      },
      "11": {
        "name": "redeemAndWithdrawMax",
        "line": 276,
        "loc": {
          "start": { "line": 276, "column": 2 },
          "end": { "line": 276, "column": 78 }
        }
      },
      "12": {
        "name": "redeemAndWithdrawPartial",
        "line": 293,
        "loc": {
          "start": { "line": 293, "column": 2 },
          "end": { "line": 293, "column": 102 }
        }
      }
    },
    "statementMap": {
      "1": {
        "start": { "line": 126, "column": 8 },
        "end": { "line": 126, "column": 26 }
      },
      "2": {
        "start": { "line": 127, "column": 8 },
        "end": { "line": 127, "column": 53 }
      },
      "3": {
        "start": { "line": 134, "column": 8 },
        "end": { "line": 134, "column": 21 }
      },
      "4": {
        "start": { "line": 141, "column": 8 },
        "end": { "line": 141, "column": 61 }
      },
      "5": {
        "start": { "line": 149, "column": 8 },
        "end": { "line": 149, "column": 35 }
      },
      "6": {
        "start": { "line": 160, "column": 8 },
        "end": { "line": 160, "column": 53 }
      },
      "7": {
        "start": { "line": 161, "column": 8 },
        "end": { "line": 161, "column": 26 }
      },
      "8": {
        "start": { "line": 169, "column": 8 },
        "end": { "line": 169, "column": 35 }
      },
      "9": {
        "start": { "line": 176, "column": 8 },
        "end": { "line": 176, "column": 80 }
      },
      "10": {
        "start": { "line": 177, "column": 8 },
        "end": { "line": 177, "column": 51 }
      },
      "11": {
        "start": { "line": 178, "column": 8 },
        "end": { "line": 178, "column": 24 }
      },
      "12": {
        "start": { "line": 226, "column": 4 },
        "end": { "line": 226, "column": 68 }
      },
      "13": {
        "start": { "line": 227, "column": 4 },
        "end": { "line": 227, "column": 69 }
      },
      "14": {
        "start": { "line": 228, "column": 4 },
        "end": { "line": 228, "column": 37 }
      },
      "15": {
        "start": { "line": 229, "column": 4 },
        "end": { "line": 229, "column": 39 }
      },
      "16": {
        "start": { "line": 231, "column": 4 },
        "end": { "line": 231, "column": 72 }
      },
      "17": {
        "start": { "line": 232, "column": 4 },
        "end": { "line": 232, "column": 77 }
      },
      "18": {
        "start": { "line": 242, "column": 4 },
        "end": { "line": 242, "column": 59 }
      },
      "19": {
        "start": { "line": 243, "column": 4 },
        "end": { "line": 243, "column": 47 }
      },
      "20": {
        "start": { "line": 244, "column": 4 },
        "end": { "line": 244, "column": 29 }
      },
      "21": {
        "start": { "line": 266, "column": 4 },
        "end": { "line": 266, "column": 62 }
      },
      "22": {
        "start": { "line": 267, "column": 4 },
        "end": { "line": 267, "column": 65 }
      },
      "23": {
        "start": { "line": 268, "column": 4 },
        "end": { "line": 268, "column": 50 }
      },
      "24": {
        "start": { "line": 279, "column": 4 },
        "end": { "line": 279, "column": 64 }
      },
      "25": {
        "start": { "line": 281, "column": 4 },
        "end": { "line": 281, "column": 50 }
      },
      "26": {
        "start": { "line": 282, "column": 4 },
        "end": { "line": 282, "column": 29 }
      },
      "27": {
        "start": { "line": 284, "column": 4 },
        "end": { "line": 284, "column": 31 }
      },
      "28": {
        "start": { "line": 296, "column": 4 },
        "end": { "line": 296, "column": 58 }
      },
      "29": {
        "start": { "line": 297, "column": 4 },
        "end": { "line": 297, "column": 37 }
      },
      "30": {
        "start": { "line": 299, "column": 4 },
        "end": { "line": 299, "column": 31 }
      }
    },
    "branchMap": {
      "1": {
        "line": 141,
        "type": "if",
        "locations": [
          {
            "start": { "line": 141, "column": 8 },
            "end": { "line": 141, "column": 8 }
          },
          {
            "start": { "line": 141, "column": 8 },
            "end": { "line": 141, "column": 8 }
          }
        ]
      },
      "2": {
        "line": 176,
        "type": "if",
        "locations": [
          {
            "start": { "line": 176, "column": 8 },
            "end": { "line": 176, "column": 8 }
          },
          {
            "start": { "line": 176, "column": 8 },
            "end": { "line": 176, "column": 8 }
          }
        ]
      },
      "3": {
        "line": 232,
        "type": "if",
        "locations": [
          {
            "start": { "line": 232, "column": 4 },
            "end": { "line": 232, "column": 4 }
          },
          {
            "start": { "line": 232, "column": 4 },
            "end": { "line": 232, "column": 4 }
          }
        ]
      },
      "4": {
        "line": 243,
        "type": "if",
        "locations": [
          {
            "start": { "line": 243, "column": 4 },
            "end": { "line": 243, "column": 4 }
          },
          {
            "start": { "line": 243, "column": 4 },
            "end": { "line": 243, "column": 4 }
          }
        ]
      },
      "5": {
        "line": 267,
        "type": "if",
        "locations": [
          {
            "start": { "line": 267, "column": 4 },
            "end": { "line": 267, "column": 4 }
          },
          {
            "start": { "line": 267, "column": 4 },
            "end": { "line": 267, "column": 4 }
          }
        ]
      },
      "6": {
        "line": 281,
        "type": "if",
        "locations": [
          {
            "start": { "line": 281, "column": 4 },
            "end": { "line": 281, "column": 4 }
          },
          {
            "start": { "line": 281, "column": 4 },
            "end": { "line": 281, "column": 4 }
          }
        ]
      },
      "7": {
        "line": 296,
        "type": "if",
        "locations": [
          {
            "start": { "line": 296, "column": 4 },
            "end": { "line": 296, "column": 4 }
          },
          {
            "start": { "line": 296, "column": 4 },
            "end": { "line": 296, "column": 4 }
          }
        ]
      }
    }
  }
}
